0 info it worked if it ends with ok
1 verbose cli [ '/Users/RickV/.nvm/versions/node/v6.9.5/bin/node',
1 verbose cli   '/Users/RickV/.nvm/versions/node/v6.9.5/bin/npm',
1 verbose cli   'start' ]
2 info using npm@3.10.10
3 info using node@v6.9.5
4 verbose run-script [ 'prestart', 'start', 'poststart' ]
5 info lifecycle shopping-cart2@1.0.0~prestart: shopping-cart2@1.0.0
6 verbose lifecycle shopping-cart2@1.0.0~prestart: unsafe-perm in lifecycle true
7 verbose lifecycle shopping-cart2@1.0.0~prestart: PATH: /Users/RickV/.nvm/versions/node/v6.9.5/lib/node_modules/npm/bin/node-gyp-bin:/Users/RickV/workspace2/shopping-cart2/node_modules/.bin:/Users/RickV/.nvm/versions/node/v6.9.5/bin:/Users/RickV/.rvm/gems/ruby-2.2.3/bin:/Users/RickV/.rvm/gems/ruby-2.2.3@global/bin:/Users/RickV/.rvm/rubies/ruby-2.2.3/bin:/usr/local/bin:/usr/bin:/bin:/usr/sbin:/sbin:/Users/RickV/.rvm/bin
8 verbose lifecycle shopping-cart2@1.0.0~prestart: CWD: /Users/RickV/workspace2/shopping-cart2
9 silly lifecycle shopping-cart2@1.0.0~prestart: Args: [ '-c', 'npm install' ]
10 silly lifecycle shopping-cart2@1.0.0~prestart: Returned: code: 1  signal: null
11 info lifecycle shopping-cart2@1.0.0~prestart: Failed to exec prestart script
12 verbose stack Error: shopping-cart2@1.0.0 prestart: `npm install`
12 verbose stack Exit status 1
12 verbose stack     at EventEmitter.<anonymous> (/Users/RickV/.nvm/versions/node/v6.9.5/lib/node_modules/npm/lib/utils/lifecycle.js:255:16)
12 verbose stack     at emitTwo (events.js:106:13)
12 verbose stack     at EventEmitter.emit (events.js:191:7)
12 verbose stack     at ChildProcess.<anonymous> (/Users/RickV/.nvm/versions/node/v6.9.5/lib/node_modules/npm/lib/utils/spawn.js:40:14)
12 verbose stack     at emitTwo (events.js:106:13)
12 verbose stack     at ChildProcess.emit (events.js:191:7)
12 verbose stack     at maybeClose (internal/child_process.js:877:16)
12 verbose stack     at Process.ChildProcess._handle.onexit (internal/child_process.js:226:5)
13 verbose pkgid shopping-cart2@1.0.0
14 verbose cwd /Users/RickV/workspace2/shopping-cart2
15 error Darwin 15.6.0
16 error argv "/Users/RickV/.nvm/versions/node/v6.9.5/bin/node" "/Users/RickV/.nvm/versions/node/v6.9.5/bin/npm" "start"
17 error node v6.9.5
18 error npm  v3.10.10
19 error code ELIFECYCLE
20 error shopping-cart2@1.0.0 prestart: `npm install`
20 error Exit status 1
21 error Failed at the shopping-cart2@1.0.0 prestart script 'npm install'.
21 error Make sure you have the latest version of node.js and npm installed.
21 error If you do, this is most likely a problem with the shopping-cart2 package,
21 error not with npm itself.
21 error Tell the author that this fails on your system:
21 error     npm install
21 error You can get information on how to open an issue for this project with:
21 error     npm bugs shopping-cart2
21 error Or if that isn't available, you can get their info via:
21 error     npm owner ls shopping-cart2
21 error There is likely additional logging output above.
22 verbose exit [ 1, true ]
